2026-04-01:16:33:28,866 INFO     [psi4.driver.task_planner:285] PLANNING Atomic:  keywords={'DFT_PRUNING_SCHEME': 'NONE', 'DFT_RADIAL_POINTS': 99, 'DFT_SPHERICAL_POINTS': 590, 'D_CONVERGENCE': 1e-09, 'E_CONVERGENCE': 1e-09, 'REFERENCE': 'RKS', 'SCF_TYPE': 'DF', 'function_kwargs': {}}
2026-04-01:16:33:28,868 INFO     [psi4.driver.driver:523] Compute energy(): method=wb97x, basis=6-311g*, molecule=default, nre=807.7342936417651
2026-04-01:16:33:55,448 INFO     [psi4.driver.driver:526] Return energy(): -3010.4714874458823
2026-04-01:16:34:39,88 INFO     [psi4.driver.task_planner:285] PLANNING Atomic:  keywords={'DFT_PRUNING_SCHEME': 'NONE', 'DFT_RADIAL_POINTS': 99, 'DFT_SPHERICAL_POINTS': 590, 'D_CONVERGENCE': 1e-09, 'E_CONVERGENCE': 1e-09, 'REFERENCE': 'RKS', 'SCF_TYPE': 'DF', 'function_kwargs': {}}
2026-04-01:16:34:39,89 INFO     [psi4.driver.driver:523] Compute energy(): method=wb97x-d, basis=6-311g*, molecule=default, nre=807.7342936417651
2026-04-01:16:35:05,922 INFO     [psi4.driver.driver:526] Return energy(): -3010.4674030809742
2026-04-01:16:35:47,546 INFO     [psi4.driver.task_planner:285] PLANNING Atomic:  keywords={'DFT_PRUNING_SCHEME': 'NONE', 'DFT_RADIAL_POINTS': 99, 'DFT_SPHERICAL_POINTS': 590, 'D_CONVERGENCE': 1e-09, 'E_CONVERGENCE': 1e-09, 'SCF__INTS_TOLERANCE': 1e-12, 'REFERENCE': 'RKS', 'SCF_TYPE': 'DF', 'function_kwargs': {}}
2026-04-01:16:35:47,547 INFO     [psi4.driver.driver:523] Compute energy(): method=wb97x, basis=6-311g*, molecule=default, nre=807.7342936417651
2026-04-01:16:36:14,127 INFO     [psi4.driver.driver:526] Return energy(): -3010.471487445883
2026-04-01:16:36:58,219 INFO     [psi4.driver.task_planner:285] PLANNING Atomic:  keywords={'DFT_PRUNING_SCHEME': 'NONE', 'DFT_RADIAL_POINTS': 99, 'DFT_SPHERICAL_POINTS': 590, 'D_CONVERGENCE': 1e-09, 'E_CONVERGENCE': 1e-09, 'REFERENCE': 'RKS', 'SCF_TYPE': 'DF', 'function_kwargs': {}}
2026-04-01:16:36:58,220 INFO     [psi4.driver.driver:523] Compute energy(): method=wb97x-d, basis=6-311g*, molecule=default, nre=807.7342936417651
2026-04-01:16:37:24,886 INFO     [psi4.driver.driver:526] Return energy(): -3010.4674030809724
2026-04-01:16:37:24,926 INFO     [psi4.driver.task_planner:285] PLANNING Atomic:  keywords={'DFT_PRUNING_SCHEME': 'NONE', 'DFT_RADIAL_POINTS': 99, 'DFT_SPHERICAL_POINTS': 590, 'D_CONVERGENCE': 1e-09, 'E_CONVERGENCE': 1e-09, 'SCF__INTS_TOLERANCE': 1e-12, 'REFERENCE': 'RKS', 'SCF_TYPE': 'DF', 'function_kwargs': {}}
2026-04-01:16:37:24,927 INFO     [psi4.driver.driver:523] Compute energy(): method=wb97x, basis=6-311g*, molecule=default, nre=802.9143866522121
2026-04-01:16:37:51,390 INFO     [psi4.driver.driver:526] Return energy(): -3010.48988803773
2026-04-01:16:38:35,198 INFO     [psi4.driver.task_planner:285] PLANNING Atomic:  keywords={'DFT_PRUNING_SCHEME': 'NONE', 'DFT_RADIAL_POINTS': 99, 'DFT_SPHERICAL_POINTS': 590, 'D_CONVERGENCE': 1e-09, 'E_CONVERGENCE': 1e-09, 'REFERENCE': 'RKS', 'SCF_TYPE': 'DF', 'function_kwargs': {}}
2026-04-01:16:38:35,200 INFO     [psi4.driver.driver:523] Compute energy(): method=wb97x-d, basis=6-311g*, molecule=default, nre=802.9143866522121
2026-04-01:16:39:01,905 INFO     [psi4.driver.driver:526] Return energy(): -3010.4859358234366
2026-04-01:16:39:01,945 INFO     [psi4.driver.task_planner:285] PLANNING Atomic:  keywords={'DFT_PRUNING_SCHEME': 'NONE', 'DFT_RADIAL_POINTS': 99, 'DFT_SPHERICAL_POINTS': 590, 'D_CONVERGENCE': 1e-09, 'E_CONVERGENCE': 1e-09, 'SCF__INTS_TOLERANCE': 1e-12, 'REFERENCE': 'RKS', 'SCF_TYPE': 'DF', 'function_kwargs': {}}
2026-04-01:16:39:01,946 INFO     [psi4.driver.driver:523] Compute energy(): method=wb97x, basis=6-311g*, molecule=default, nre=798.2689192400837
2026-04-01:16:39:28,635 INFO     [psi4.driver.driver:526] Return energy(): -3010.5035469388217
2026-04-01:16:40:13,14 INFO     [psi4.driver.task_planner:285] PLANNING Atomic:  keywords={'DFT_PRUNING_SCHEME': 'NONE', 'DFT_RADIAL_POINTS': 99, 'DFT_SPHERICAL_POINTS': 590, 'D_CONVERGENCE': 1e-09, 'E_CONVERGENCE': 1e-09, 'REFERENCE': 'RKS', 'SCF_TYPE': 'DF', 'function_kwargs': {}}
2026-04-01:16:40:13,15 INFO     [psi4.driver.driver:523] Compute energy(): method=wb97x-d, basis=6-311g*, molecule=default, nre=798.2689192400837
2026-04-01:16:40:38,586 INFO     [psi4.driver.driver:526] Return energy(): -3010.499768274547
2026-04-01:16:40:38,624 INFO     [psi4.driver.task_planner:285] PLANNING Atomic:  keywords={'DFT_PRUNING_SCHEME': 'NONE', 'DFT_RADIAL_POINTS': 99, 'DFT_SPHERICAL_POINTS': 590, 'D_CONVERGENCE': 1e-09, 'E_CONVERGENCE': 1e-09, 'SCF__INTS_TOLERANCE': 1e-12, 'REFERENCE': 'RKS', 'SCF_TYPE': 'DF', 'function_kwargs': {}}
2026-04-01:16:40:38,625 INFO     [psi4.driver.driver:523] Compute energy(): method=wb97x, basis=6-311g*, molecule=default, nre=793.6171597697133
2026-04-01:16:41:05,255 INFO     [psi4.driver.driver:526] Return energy(): -3010.5137300880256
2026-04-01:16:41:50,202 INFO     [psi4.driver.task_planner:285] PLANNING Atomic:  keywords={'DFT_PRUNING_SCHEME': 'NONE', 'DFT_RADIAL_POINTS': 99, 'DFT_SPHERICAL_POINTS': 590, 'D_CONVERGENCE': 1e-09, 'E_CONVERGENCE': 1e-09, 'REFERENCE': 'RKS', 'SCF_TYPE': 'DF', 'function_kwargs': {}}
2026-04-01:16:41:50,203 INFO     [psi4.driver.driver:523] Compute energy(): method=wb97x-d, basis=6-311g*, molecule=default, nre=793.6171597697133
2026-04-01:16:42:15,630 INFO     [psi4.driver.driver:526] Return energy(): -3010.510163494702
2026-04-01:16:42:15,669 INFO     [psi4.driver.task_planner:285] PLANNING Atomic:  keywords={'DFT_PRUNING_SCHEME': 'NONE', 'DFT_RADIAL_POINTS': 99, 'DFT_SPHERICAL_POINTS': 590, 'D_CONVERGENCE': 1e-09, 'E_CONVERGENCE': 1e-09, 'SCF__INTS_TOLERANCE': 1e-12, 'REFERENCE': 'RKS', 'SCF_TYPE': 'DF', 'function_kwargs': {}}
2026-04-01:16:42:15,670 INFO     [psi4.driver.driver:523] Compute energy(): method=wb97x, basis=6-311g*, molecule=default, nre=789.047231496344
2026-04-01:16:42:41,976 INFO     [psi4.driver.driver:526] Return energy(): -3010.5207704876884
2026-04-01:16:43:25,732 INFO     [psi4.driver.task_planner:285] PLANNING Atomic:  keywords={'DFT_PRUNING_SCHEME': 'NONE', 'DFT_RADIAL_POINTS': 99, 'DFT_SPHERICAL_POINTS': 590, 'D_CONVERGENCE': 1e-09, 'E_CONVERGENCE': 1e-09, 'REFERENCE': 'RKS', 'SCF_TYPE': 'DF', 'function_kwargs': {}}
2026-04-01:16:43:25,733 INFO     [psi4.driver.driver:523] Compute energy(): method=wb97x-d, basis=6-311g*, molecule=default, nre=789.047231496344
2026-04-01:16:43:51,29 INFO     [psi4.driver.driver:526] Return energy(): -3010.5174499945306
2026-04-01:16:43:51,69 INFO     [psi4.driver.task_planner:285] PLANNING Atomic:  keywords={'DFT_PRUNING_SCHEME': 'NONE', 'DFT_RADIAL_POINTS': 99, 'DFT_SPHERICAL_POINTS': 590, 'D_CONVERGENCE': 1e-09, 'E_CONVERGENCE': 1e-09, 'SCF__INTS_TOLERANCE': 1e-12, 'REFERENCE': 'RKS', 'SCF_TYPE': 'DF', 'function_kwargs': {}}
2026-04-01:16:43:51,70 INFO     [psi4.driver.driver:523] Compute energy(): method=wb97x, basis=6-311g*, molecule=default, nre=784.6411895445963
2026-04-01:16:44:17,396 INFO     [psi4.driver.driver:526] Return energy(): -3010.5251352285063
2026-04-01:16:45:01,523 INFO     [psi4.driver.task_planner:285] PLANNING Atomic:  keywords={'DFT_PRUNING_SCHEME': 'NONE', 'DFT_RADIAL_POINTS': 99, 'DFT_SPHERICAL_POINTS': 590, 'D_CONVERGENCE': 1e-09, 'E_CONVERGENCE': 1e-09, 'REFERENCE': 'RKS', 'SCF_TYPE': 'DF', 'function_kwargs': {}}
2026-04-01:16:45:01,524 INFO     [psi4.driver.driver:523] Compute energy(): method=wb97x-d, basis=6-311g*, molecule=default, nre=784.6411895445963
2026-04-01:16:45:26,868 INFO     [psi4.driver.driver:526] Return energy(): -3010.5220773421597
2026-04-01:16:45:26,912 INFO     [psi4.driver.task_planner:285] PLANNING Atomic:  keywords={'DFT_PRUNING_SCHEME': 'NONE', 'DFT_RADIAL_POINTS': 99, 'DFT_SPHERICAL_POINTS': 590, 'D_CONVERGENCE': 1e-09, 'E_CONVERGENCE': 1e-09, 'SCF__INTS_TOLERANCE': 1e-12, 'REFERENCE': 'RKS', 'SCF_TYPE': 'DF', 'function_kwargs': {}}
2026-04-01:16:45:26,913 INFO     [psi4.driver.driver:523] Compute energy(): method=wb97x, basis=6-311g*, molecule=default, nre=780.2277480866117
2026-04-01:16:45:53,189 INFO     [psi4.driver.driver:526] Return energy(): -3010.527450506978
2026-04-01:16:46:34,747 INFO     [psi4.driver.task_planner:285] PLANNING Atomic:  keywords={'DFT_PRUNING_SCHEME': 'NONE', 'DFT_RADIAL_POINTS': 99, 'DFT_SPHERICAL_POINTS': 590, 'D_CONVERGENCE': 1e-09, 'E_CONVERGENCE': 1e-09, 'REFERENCE': 'RKS', 'SCF_TYPE': 'DF', 'function_kwargs': {}}
2026-04-01:16:46:34,749 INFO     [psi4.driver.driver:523] Compute energy(): method=wb97x-d, basis=6-311g*, molecule=default, nre=780.2277480866117
2026-04-01:16:47:00,937 INFO     [psi4.driver.driver:526] Return energy(): -3010.5246707797455
2026-04-01:16:47:00,983 INFO     [psi4.driver.task_planner:285] PLANNING Atomic:  keywords={'DFT_PRUNING_SCHEME': 'NONE', 'DFT_RADIAL_POINTS': 99, 'DFT_SPHERICAL_POINTS': 590, 'D_CONVERGENCE': 1e-09, 'E_CONVERGENCE': 1e-09, 'SCF__INTS_TOLERANCE': 1e-12, 'REFERENCE': 'RKS', 'SCF_TYPE': 'DF', 'function_kwargs': {}}
2026-04-01:16:47:00,984 INFO     [psi4.driver.driver:523] Compute energy(): method=wb97x, basis=6-311g*, molecule=default, nre=775.9717529223839
2026-04-01:16:47:27,126 INFO     [psi4.driver.driver:526] Return energy(): -3010.528000431752
2026-04-01:16:48:10,570 INFO     [psi4.driver.task_planner:285] PLANNING Atomic:  keywords={'DFT_PRUNING_SCHEME': 'NONE', 'DFT_RADIAL_POINTS': 99, 'DFT_SPHERICAL_POINTS': 590, 'D_CONVERGENCE': 1e-09, 'E_CONVERGENCE': 1e-09, 'REFERENCE': 'RKS', 'SCF_TYPE': 'DF', 'function_kwargs': {}}
2026-04-01:16:48:10,571 INFO     [psi4.driver.driver:523] Compute energy(): method=wb97x-d, basis=6-311g*, molecule=default, nre=775.9717529223839
2026-04-01:16:48:36,778 INFO     [psi4.driver.driver:526] Return energy(): -3010.5255035663713
2026-04-01:16:48:36,822 INFO     [psi4.driver.task_planner:285] PLANNING Atomic:  keywords={'DFT_PRUNING_SCHEME': 'NONE', 'DFT_RADIAL_POINTS': 99, 'DFT_SPHERICAL_POINTS': 590, 'D_CONVERGENCE': 1e-09, 'E_CONVERGENCE': 1e-09, 'SCF__INTS_TOLERANCE': 1e-12, 'REFERENCE': 'RKS', 'SCF_TYPE': 'DF', 'function_kwargs': {}}
2026-04-01:16:48:36,823 INFO     [psi4.driver.driver:523] Compute energy(): method=wb97x, basis=6-311g*, molecule=default, nre=771.7078454884977
2026-04-01:16:49:03,147 INFO     [psi4.driver.driver:526] Return energy(): -3010.5271401384603
2026-04-01:16:49:46,658 INFO     [psi4.driver.task_planner:285] PLANNING Atomic:  keywords={'DFT_PRUNING_SCHEME': 'NONE', 'DFT_RADIAL_POINTS': 99, 'DFT_SPHERICAL_POINTS': 590, 'D_CONVERGENCE': 1e-09, 'E_CONVERGENCE': 1e-09, 'REFERENCE': 'RKS', 'SCF_TYPE': 'DF', 'function_kwargs': {}}
2026-04-01:16:49:46,659 INFO     [psi4.driver.driver:523] Compute energy(): method=wb97x-d, basis=6-311g*, molecule=default, nre=771.7078454884977
2026-04-01:16:50:12,910 INFO     [psi4.driver.driver:526] Return energy(): -3010.5249359583413
2026-04-01:16:50:12,949 INFO     [psi4.driver.task_planner:285] PLANNING Atomic:  keywords={'DFT_PRUNING_SCHEME': 'NONE', 'DFT_RADIAL_POINTS': 99, 'DFT_SPHERICAL_POINTS': 590, 'D_CONVERGENCE': 1e-09, 'E_CONVERGENCE': 1e-09, 'SCF__INTS_TOLERANCE': 1e-12, 'REFERENCE': 'RKS', 'SCF_TYPE': 'DF', 'function_kwargs': {}}
2026-04-01:16:50:12,950 INFO     [psi4.driver.driver:523] Compute energy(): method=wb97x, basis=6-311g*, molecule=default, nre=767.5169666737652
2026-04-01:16:50:39,23 INFO     [psi4.driver.driver:526] Return energy(): -3010.5251121343085
2026-04-01:16:51:21,945 INFO     [psi4.driver.task_planner:285] PLANNING Atomic:  keywords={'DFT_PRUNING_SCHEME': 'NONE', 'DFT_RADIAL_POINTS': 99, 'DFT_SPHERICAL_POINTS': 590, 'D_CONVERGENCE': 1e-09, 'E_CONVERGENCE': 1e-09, 'REFERENCE': 'RKS', 'SCF_TYPE': 'DF', 'function_kwargs': {}}
2026-04-01:16:51:21,946 INFO     [psi4.driver.driver:523] Compute energy(): method=wb97x-d, basis=6-311g*, molecule=default, nre=767.5169666737652
2026-04-01:16:51:47,974 INFO     [psi4.driver.driver:526] Return energy(): -3010.5231989119666
2026-04-01:16:51:48,18 INFO     [psi4.driver.task_planner:285] PLANNING Atomic:  keywords={'DFT_PRUNING_SCHEME': 'NONE', 'DFT_RADIAL_POINTS': 99, 'DFT_SPHERICAL_POINTS': 590, 'D_CONVERGENCE': 1e-09, 'E_CONVERGENCE': 1e-09, 'SCF__INTS_TOLERANCE': 1e-12, 'REFERENCE': 'RKS', 'SCF_TYPE': 'DF', 'function_kwargs': {}}
2026-04-01:16:51:48,19 INFO     [psi4.driver.driver:523] Compute energy(): method=wb97x, basis=6-311g*, molecule=default, nre=763.474637489363
2026-04-01:16:52:13,938 INFO     [psi4.driver.driver:526] Return energy(): -3010.5222049604813
2026-04-01:16:52:56,735 INFO     [psi4.driver.task_planner:285] PLANNING Atomic:  keywords={'DFT_PRUNING_SCHEME': 'NONE', 'DFT_RADIAL_POINTS': 99, 'DFT_SPHERICAL_POINTS': 590, 'D_CONVERGENCE': 1e-09, 'E_CONVERGENCE': 1e-09, 'REFERENCE': 'RKS', 'SCF_TYPE': 'DF', 'function_kwargs': {}}
2026-04-01:16:52:56,736 INFO     [psi4.driver.driver:523] Compute energy(): method=wb97x-d, basis=6-311g*, molecule=default, nre=763.474637489363
2026-04-01:16:53:22,719 INFO     [psi4.driver.driver:526] Return energy(): -3010.5205769729655
2026-04-01:16:53:22,754 INFO     [psi4.driver.task_planner:285] PLANNING Atomic:  keywords={'DFT_PRUNING_SCHEME': 'NONE', 'DFT_RADIAL_POINTS': 99, 'DFT_SPHERICAL_POINTS': 590, 'D_CONVERGENCE': 1e-09, 'E_CONVERGENCE': 1e-09, 'SCF__INTS_TOLERANCE': 1e-12, 'REFERENCE': 'RKS', 'SCF_TYPE': 'DF', 'function_kwargs': {}}
2026-04-01:16:53:22,755 INFO     [psi4.driver.driver:523] Compute energy(): method=wb97x, basis=6-311g*, molecule=default, nre=759.4239186881181
2026-04-01:16:53:48,696 INFO     [psi4.driver.driver:526] Return energy(): -3010.5185297527064
2026-04-01:16:54:31,779 INFO     [psi4.driver.task_planner:285] PLANNING Atomic:  keywords={'DFT_PRUNING_SCHEME': 'NONE', 'DFT_RADIAL_POINTS': 99, 'DFT_SPHERICAL_POINTS': 590, 'D_CONVERGENCE': 1e-09, 'E_CONVERGENCE': 1e-09, 'REFERENCE': 'RKS', 'SCF_TYPE': 'DF', 'function_kwargs': {}}
2026-04-01:16:54:31,781 INFO     [psi4.driver.driver:523] Compute energy(): method=wb97x-d, basis=6-311g*, molecule=default, nre=759.4239186881181
2026-04-01:16:54:57,871 INFO     [psi4.driver.driver:526] Return energy(): -3010.517192384148
2026-04-01:16:54:57,914 INFO     [psi4.driver.task_planner:285] PLANNING Atomic:  keywords={'DFT_PRUNING_SCHEME': 'NONE', 'DFT_RADIAL_POINTS': 99, 'DFT_SPHERICAL_POINTS': 590, 'D_CONVERGENCE': 1e-09, 'E_CONVERGENCE': 1e-09, 'SCF__INTS_TOLERANCE': 1e-12, 'REFERENCE': 'RKS', 'SCF_TYPE': 'DF', 'function_kwargs': {}}
2026-04-01:16:54:57,915 INFO     [psi4.driver.driver:523] Compute energy(): method=wb97x, basis=6-311g*, molecule=default, nre=755.4417862820759
2026-04-01:16:55:23,963 INFO     [psi4.driver.driver:526] Return energy(): -3010.5143004974834
2026-04-01:16:56:05,189 INFO     [psi4.driver.task_planner:285] PLANNING Atomic:  keywords={'DFT_PRUNING_SCHEME': 'NONE', 'DFT_RADIAL_POINTS': 99, 'DFT_SPHERICAL_POINTS': 590, 'D_CONVERGENCE': 1e-09, 'E_CONVERGENCE': 1e-09, 'REFERENCE': 'RKS', 'SCF_TYPE': 'DF', 'function_kwargs': {}}
2026-04-01:16:56:05,190 INFO     [psi4.driver.driver:523] Compute energy(): method=wb97x-d, basis=6-311g*, molecule=default, nre=755.4417862820759
2026-04-01:16:56:31,107 INFO     [psi4.driver.driver:526] Return energy(): -3010.5132530139604
2026-04-01:16:56:31,141 INFO     [psi4.driver.task_planner:285] PLANNING Atomic:  keywords={'DFT_PRUNING_SCHEME': 'NONE', 'DFT_RADIAL_POINTS': 99, 'DFT_SPHERICAL_POINTS': 590, 'D_CONVERGENCE': 1e-09, 'E_CONVERGENCE': 1e-09, 'SCF__INTS_TOLERANCE': 1e-12, 'REFERENCE': 'RKS', 'SCF_TYPE': 'DF', 'function_kwargs': {}}
2026-04-01:16:56:31,142 INFO     [psi4.driver.driver:523] Compute energy(): method=wb97x, basis=6-311g*, molecule=default, nre=751.6001151274595
2026-04-01:16:56:57,980 INFO     [psi4.driver.driver:526] Return energy(): -3010.5097392873754
2026-04-01:16:57:39,14 INFO     [psi4.driver.task_planner:285] PLANNING Atomic:  keywords={'DFT_PRUNING_SCHEME': 'NONE', 'DFT_RADIAL_POINTS': 99, 'DFT_SPHERICAL_POINTS': 590, 'D_CONVERGENCE': 1e-09, 'E_CONVERGENCE': 1e-09, 'REFERENCE': 'RKS', 'SCF_TYPE': 'DF', 'function_kwargs': {}}
2026-04-01:16:57:39,15 INFO     [psi4.driver.driver:523] Compute energy(): method=wb97x-d, basis=6-311g*, molecule=default, nre=751.6001151274595
2026-04-01:16:58:05,19 INFO     [psi4.driver.driver:526] Return energy(): -3010.5089782734517
2026-04-01:16:58:05,62 INFO     [psi4.driver.task_planner:285] PLANNING Atomic:  keywords={'DFT_PRUNING_SCHEME': 'NONE', 'DFT_RADIAL_POINTS': 99, 'DFT_SPHERICAL_POINTS': 590, 'D_CONVERGENCE': 1e-09, 'E_CONVERGENCE': 1e-09, 'SCF__INTS_TOLERANCE': 1e-12, 'REFERENCE': 'RKS', 'SCF_TYPE': 'DF', 'function_kwargs': {}}
2026-04-01:16:58:05,63 INFO     [psi4.driver.driver:523] Compute energy(): method=wb97x, basis=6-311g*, molecule=default, nre=747.7498396074775
2026-04-01:16:58:31,977 INFO     [psi4.driver.driver:526] Return energy(): -3010.5047882057656
2026-04-01:16:59:13,274 INFO     [psi4.driver.task_planner:285] PLANNING Atomic:  keywords={'DFT_PRUNING_SCHEME': 'NONE', 'DFT_RADIAL_POINTS': 99, 'DFT_SPHERICAL_POINTS': 590, 'D_CONVERGENCE': 1e-09, 'E_CONVERGENCE': 1e-09, 'REFERENCE': 'RKS', 'SCF_TYPE': 'DF', 'function_kwargs': {}}
2026-04-01:16:59:13,276 INFO     [psi4.driver.driver:523] Compute energy(): method=wb97x-d, basis=6-311g*, molecule=default, nre=747.7498396074775
2026-04-01:16:59:40,190 INFO     [psi4.driver.driver:526] Return energy(): -3010.5043229195885
2026-04-01:16:59:40,223 INFO     [psi4.driver.task_planner:285] PLANNING Atomic:  keywords={'DFT_PRUNING_SCHEME': 'NONE', 'DFT_RADIAL_POINTS': 99, 'DFT_SPHERICAL_POINTS': 590, 'D_CONVERGENCE': 1e-09, 'E_CONVERGENCE': 1e-09, 'SCF__INTS_TOLERANCE': 1e-12, 'REFERENCE': 'RKS', 'SCF_TYPE': 'DF', 'function_kwargs': {}}
2026-04-01:16:59:40,224 INFO     [psi4.driver.driver:523] Compute energy(): method=wb97x, basis=6-311g*, molecule=default, nre=744.0350187573513
2026-04-01:17:00:07,123 INFO     [psi4.driver.driver:526] Return energy(): -3010.4997321844394
2026-04-01:17:00:48,331 INFO     [psi4.driver.task_planner:285] PLANNING Atomic:  keywords={'DFT_PRUNING_SCHEME': 'NONE', 'DFT_RADIAL_POINTS': 99, 'DFT_SPHERICAL_POINTS': 590, 'D_CONVERGENCE': 1e-09, 'E_CONVERGENCE': 1e-09, 'REFERENCE': 'RKS', 'SCF_TYPE': 'DF', 'function_kwargs': {}}
2026-04-01:17:00:48,332 INFO     [psi4.driver.driver:523] Compute energy(): method=wb97x-d, basis=6-311g*, molecule=default, nre=744.0350187573513
2026-04-01:17:01:15,207 INFO     [psi4.driver.driver:526] Return energy(): -3010.499560288261
2026-04-01:17:01:15,242 INFO     [psi4.driver.task_planner:285] PLANNING Atomic:  keywords={'DFT_PRUNING_SCHEME': 'NONE', 'DFT_RADIAL_POINTS': 99, 'DFT_SPHERICAL_POINTS': 590, 'D_CONVERGENCE': 1e-09, 'E_CONVERGENCE': 1e-09, 'SCF__INTS_TOLERANCE': 1e-12, 'REFERENCE': 'RKS', 'SCF_TYPE': 'DF', 'function_kwargs': {}}
2026-04-01:17:01:15,243 INFO     [psi4.driver.driver:523] Compute energy(): method=wb97x, basis=6-311g*, molecule=default, nre=740.3115477785334
2026-04-01:17:01:42,25 INFO     [psi4.driver.driver:526] Return energy(): -3010.494453478832
2026-04-01:17:02:22,495 INFO     [psi4.driver.task_planner:285] PLANNING Atomic:  keywords={'DFT_PRUNING_SCHEME': 'NONE', 'DFT_RADIAL_POINTS': 99, 'DFT_SPHERICAL_POINTS': 590, 'D_CONVERGENCE': 1e-09, 'E_CONVERGENCE': 1e-09, 'REFERENCE': 'RKS', 'SCF_TYPE': 'DF', 'function_kwargs': {}}
2026-04-01:17:02:22,496 INFO     [psi4.driver.driver:523] Compute energy(): method=wb97x-d, basis=6-311g*, molecule=default, nre=740.3115477785334
2026-04-01:17:02:49,268 INFO     [psi4.driver.driver:526] Return energy(): -3010.4945815356523
2026-04-01:17:02:49,304 INFO     [psi4.driver.task_planner:285] PLANNING Atomic:  keywords={'DFT_PRUNING_SCHEME': 'NONE', 'DFT_RADIAL_POINTS': 99, 'DFT_SPHERICAL_POINTS': 590, 'D_CONVERGENCE': 1e-09, 'E_CONVERGENCE': 1e-09, 'SCF__INTS_TOLERANCE': 1e-12, 'REFERENCE': 'RKS', 'SCF_TYPE': 'DF', 'function_kwargs': {}}
2026-04-01:17:02:49,305 INFO     [psi4.driver.driver:523] Compute energy(): method=wb97x, basis=6-311g*, molecule=default, nre=736.6502608799656
2026-04-01:17:03:16,971 INFO     [psi4.driver.driver:526] Return energy(): -3010.4891095313587
2026-04-01:17:03:57,859 INFO     [psi4.driver.task_planner:285] PLANNING Atomic:  keywords={'DFT_PRUNING_SCHEME': 'NONE', 'DFT_RADIAL_POINTS': 99, 'DFT_SPHERICAL_POINTS': 590, 'D_CONVERGENCE': 1e-09, 'E_CONVERGENCE': 1e-09, 'REFERENCE': 'RKS', 'SCF_TYPE': 'DF', 'function_kwargs': {}}
2026-04-01:17:03:57,860 INFO     [psi4.driver.driver:523] Compute energy(): method=wb97x-d, basis=6-311g*, molecule=default, nre=736.6502608799656
2026-04-01:17:04:25,604 INFO     [psi4.driver.driver:526] Return energy(): -3010.489539723891
2026-04-01:17:04:25,639 INFO     [psi4.driver.task_planner:285] PLANNING Atomic:  keywords={'DFT_PRUNING_SCHEME': 'NONE', 'DFT_RADIAL_POINTS': 99, 'DFT_SPHERICAL_POINTS': 590, 'D_CONVERGENCE': 1e-09, 'E_CONVERGENCE': 1e-09, 'SCF__INTS_TOLERANCE': 1e-12, 'REFERENCE': 'RKS', 'SCF_TYPE': 'DF', 'function_kwargs': {}}
2026-04-01:17:04:25,640 INFO     [psi4.driver.driver:523] Compute energy(): method=wb97x, basis=6-311g*, molecule=default, nre=733.1173531927749
2026-04-01:17:04:53,299 INFO     [psi4.driver.driver:526] Return energy(): -3010.4838571372484
2026-04-01:17:05:33,972 INFO     [psi4.driver.task_planner:285] PLANNING Atomic:  keywords={'DFT_PRUNING_SCHEME': 'NONE', 'DFT_RADIAL_POINTS': 99, 'DFT_SPHERICAL_POINTS': 590, 'D_CONVERGENCE': 1e-09, 'E_CONVERGENCE': 1e-09, 'REFERENCE': 'RKS', 'SCF_TYPE': 'DF', 'function_kwargs': {}}
2026-04-01:17:05:33,973 INFO     [psi4.driver.driver:523] Compute energy(): method=wb97x-d, basis=6-311g*, molecule=default, nre=733.1173531927749
2026-04-01:17:06:01,641 INFO     [psi4.driver.driver:526] Return energy(): -3010.4845891416967
2026-04-01:17:06:01,675 INFO     [psi4.driver.task_planner:285] PLANNING Atomic:  keywords={'DFT_PRUNING_SCHEME': 'NONE', 'DFT_RADIAL_POINTS': 99, 'DFT_SPHERICAL_POINTS': 590, 'D_CONVERGENCE': 1e-09, 'E_CONVERGENCE': 1e-09, 'SCF__INTS_TOLERANCE': 1e-12, 'REFERENCE': 'RKS', 'SCF_TYPE': 'DF', 'function_kwargs': {}}
2026-04-01:17:06:01,676 INFO     [psi4.driver.driver:523] Compute energy(): method=wb97x, basis=6-311g*, molecule=default, nre=729.5758148596366
2026-04-01:17:06:30,391 INFO     [psi4.driver.driver:526] Return energy(): -3010.4785359130083
2026-04-01:17:07:11,146 INFO     [psi4.driver.task_planner:285] PLANNING Atomic:  keywords={'DFT_PRUNING_SCHEME': 'NONE', 'DFT_RADIAL_POINTS': 99, 'DFT_SPHERICAL_POINTS': 590, 'D_CONVERGENCE': 1e-09, 'E_CONVERGENCE': 1e-09, 'REFERENCE': 'RKS', 'SCF_TYPE': 'DF', 'function_kwargs': {}}
2026-04-01:17:07:11,147 INFO     [psi4.driver.driver:523] Compute energy(): method=wb97x-d, basis=6-311g*, molecule=default, nre=729.5758148596366
2026-04-01:17:07:39,840 INFO     [psi4.driver.driver:526] Return energy(): -3010.479579749151
